2024-05-28 16:26:36,240 - INFO - Servidor running on port: 5000
2024-05-28 16:27:26,837 - INFO - Servidor running on port: 5000
2024-05-28 16:27:33,195 - INFO - to login
2024-05-28 16:31:12,580 - INFO - Servidor running on port: 5000
2024-05-28 16:31:43,786 - INFO - to login
2024-05-28 16:34:39,788 - INFO - Servidor running on port: 5000
2024-05-28 16:34:46,263 - INFO - to login
2024-05-28 16:38:38,736 - INFO - Servidor running on port: 5000
2024-05-28 16:39:47,473 - INFO - Servidor running on port: 5000
2024-05-28 16:39:54,586 - INFO - to login
2024-05-28 16:40:24,136 - INFO - to login
2024-05-28 16:42:13,938 - INFO - Servidor running on port: 5000
2024-05-28 16:42:17,561 - INFO - to login
2024-05-28 16:42:25,124 - INFO - Home page session id jmcmaster77@gmail.com
2024-05-28 16:43:44,435 - INFO - Servidor running on port: 5000
2024-05-28 16:43:50,115 - INFO - to login
2024-05-28 16:44:02,235 - INFO - to login
2024-05-28 16:44:22,223 - INFO - Home page session id jmcmaster77@gmail.com
2024-05-28 16:46:53,973 - INFO - Servidor running on port: 5000
2024-05-28 16:46:57,563 - INFO - to login
2024-05-28 16:47:04,138 - INFO - Home page session id jmcmaster77@gmail.com
2024-05-28 16:47:27,728 - INFO - to login
2024-05-28 16:47:34,859 - INFO - User idjmcmaster77@gmail.com logout
2024-05-30 03:12:59,282 - INFO - Servidor running on port: 5000
2024-05-30 03:13:15,545 - INFO - to login
2024-05-30 03:13:29,034 - INFO - Home page session id jmcmaster77@gmail.com
2024-05-30 04:58:38,196 - INFO - Servidor running on port: 5000
2024-05-30 05:00:31,663 - INFO - Servidor running on port: 5000
2024-05-30 05:01:28,830 - INFO - to login
2024-05-30 05:02:16,674 - INFO - to login
2024-05-30 05:04:43,640 - INFO - Servidor running on port: 5000
2024-05-30 05:04:48,146 - INFO - to login
2024-05-30 05:04:53,580 - INFO - Home page session id jmcmaster77@gmail.com
2024-05-30 05:17:23,445 - INFO - Servidor running on port: 5000
2024-05-30 05:17:36,186 - INFO - to login
2024-05-30 05:31:27,686 - INFO - Servidor running on port: 5000
2024-05-30 05:31:36,043 - INFO - to login
2024-05-30 05:44:30,286 - INFO - Servidor running on port: 5000
2024-05-30 06:01:12,469 - INFO - Servidor running on port: 5000
2024-05-30 06:01:16,280 - INFO - to login
2024-05-30 06:01:45,975 - INFO - Servidor running on port: 5000
2024-05-30 06:01:50,138 - INFO - Home page session id jmcmaster77@gmail.com
2024-05-30 06:03:14,985 - INFO - Servidor running on port: 5000
2024-05-30 06:05:03,650 - INFO - Servidor running on port: 5000
2024-05-30 06:05:05,944 - INFO - to login
2024-05-30 06:05:11,040 - INFO - Home page session id jmcmaster77@gmail.com
2024-05-30 06:06:27,232 - INFO - Servidor running on port: 5000
2024-05-30 06:06:31,449 - INFO - to login
2024-05-30 06:06:57,225 - INFO - Servidor running on port: 5000
2024-05-30 06:07:02,708 - INFO - Home page session id jmcmaster77@gmail.com
2024-05-30 06:07:53,865 - INFO - Servidor running on port: 5000
2024-05-30 06:07:55,790 - INFO - Home page session id jmcmaster77@gmail.com
2024-05-30 06:08:03,727 - INFO - Home page session id jmcmaster77@gmail.com
2024-05-30 06:08:15,364 - INFO - Servidor running on port: 5000
2024-05-30 06:08:19,635 - INFO - to login
2024-05-30 06:08:42,972 - INFO - Servidor running on port: 5000
2024-05-30 06:08:51,984 - INFO - Home page session id jmcmaster77@gmail.com
2024-05-30 06:10:08,275 - INFO - Servidor running on port: 5000
2024-05-30 06:10:12,915 - INFO - to login
2024-05-30 06:10:19,644 - INFO - Home page session id jmcmaster77@gmail.com
2024-05-30 06:12:40,476 - INFO - Servidor running on port: 5000
2024-05-30 06:12:43,950 - INFO - to login
2024-05-30 06:12:48,425 - INFO - Home page session id jmcmaster77@gmail.com
2024-05-31 01:44:06,675 - INFO - Servidor running on port: 5000
2024-05-31 01:44:11,008 - INFO - to login
2024-05-31 01:44:14,756 - INFO - to login
2024-05-31 03:26:07,260 - INFO - Servidor running on port: 5000
2024-05-31 03:26:29,567 - INFO - to login
2024-05-31 03:28:28,432 - INFO - Servidor running on port: 5000
2024-05-31 04:04:49,429 - INFO - Servidor running on port: 5000
2024-05-31 04:08:44,425 - INFO - to login
2024-05-31 04:08:52,570 - INFO - Servidor running on port: 5000
2024-05-31 04:46:41,600 - INFO - Servidor running on port: 5000
2024-05-31 04:47:37,941 - INFO - Servidor running on port: 5000
2024-05-31 04:53:00,946 - INFO - Servidor running on port: 5000
2024-05-31 04:53:13,981 - INFO - to login
2024-05-31 04:54:28,932 - INFO - Servidor running on port: 5000
2024-05-31 04:55:45,633 - INFO - Servidor running on port: 5000
2024-05-31 04:58:02,276 - INFO - Servidor running on port: 5000
2024-05-31 05:17:15,986 - INFO - Servidor running on port: 5000
2024-05-31 05:19:54,991 - INFO - Servidor running on port: 5000
2024-05-31 05:21:09,265 - INFO - Servidor running on port: 5000
2024-05-31 05:21:28,622 - INFO - Servidor running on port: 5000
2024-05-31 05:26:04,843 - INFO - Servidor running on port: 5000
2024-05-31 05:27:47,774 - INFO - Servidor running on port: 5000
2024-05-31 05:27:50,144 - INFO - to login
2024-05-31 05:40:22,008 - INFO - Servidor running on port: 5000
2024-05-31 06:19:01,933 - INFO - Servidor running on port: 5000
2024-05-31 06:22:42,045 - INFO - Servidor running on port: 5000
2024-05-31 06:24:59,284 - INFO - Servidor running on port: 5000
2024-05-31 06:25:51,781 - INFO - Servidor running on port: 5000
2024-05-31 06:29:20,471 - INFO - Servidor running on port: 5000
2024-05-31 06:30:12,438 - INFO - Servidor running on port: 5000
2024-05-31 06:31:13,881 - INFO - Servidor running on port: 5000
2024-05-31 06:33:29,137 - INFO - Servidor running on port: 5000
2024-05-31 06:36:35,407 - INFO - Servidor running on port: 5000
2024-05-31 06:39:52,625 - INFO - Servidor running on port: 5000
2024-05-31 06:42:35,157 - INFO - Servidor running on port: 5000
2024-05-31 06:43:11,275 - INFO - Servidor running on port: 5000
2024-05-31 06:43:14,859 - INFO - Home page session id Jorge Martin
2024-05-31 06:45:48,487 - INFO - Servidor running on port: 5000
2024-05-31 06:46:43,679 - INFO - Home page session id Jorge Martin
2024-05-31 06:47:05,089 - INFO - to login
2024-05-31 06:47:56,992 - INFO - Servidor running on port: 5000
2024-05-31 06:47:59,561 - INFO - User id 1 logout
2024-05-31 06:48:55,518 - INFO - Servidor running on port: 5000
2024-05-31 06:50:33,368 - INFO - to login
2024-05-31 06:51:06,768 - INFO - Home page session id Jorge Martin
2024-05-31 06:51:31,037 - INFO - to login
2024-05-31 06:51:38,491 - INFO - Home page session id Jorge Martin
2024-05-31 06:51:43,254 - INFO - to login
2024-05-31 06:51:46,587 - INFO - User id 1 | Jorge Martin logout
2024-06-01 20:07:31,703 - INFO - Servidor running on port: 5000
2024-06-01 20:07:46,328 - INFO - to login
2024-06-01 20:07:59,993 - INFO - Home page session id Jorge Martin
2024-06-01 20:08:28,153 - INFO - to login
2024-06-01 20:08:31,666 - INFO - User id 1 | Jorge Martin logout
2024-06-01 20:08:50,036 - INFO - to login
2024-06-01 20:08:56,830 - INFO - to login
2024-06-01 21:25:19,058 - INFO - Servidor running on port: 5000
2024-06-01 21:25:24,346 - INFO - to login
2024-06-01 21:25:24,816 - INFO - to login
2024-06-01 21:33:46,896 - INFO - Servidor running on port: 5000
2024-06-01 21:34:55,895 - INFO - to login
2024-06-01 21:35:04,025 - INFO - Home page session id Jorge Martin
2024-06-01 21:43:19,419 - INFO - Servidor running on port: 5000
2024-06-01 21:43:28,701 - INFO - to login
2024-06-01 21:43:31,119 - INFO - User id 1 | Jorge Martin logout
2024-06-01 21:43:35,692 - INFO - to login
2024-06-01 21:43:44,142 - INFO - Home page session id Jorge Martin
2024-06-01 21:44:11,343 - INFO - to login
2024-06-01 21:44:13,404 - INFO - User id 1 | Jorge Martin logout
2024-06-01 21:52:49,206 - INFO - Servidor running on port: 5000
2024-06-01 21:56:43,108 - INFO - to login
2024-06-01 21:56:50,695 - INFO - Home page session id Jorge Martin
2024-06-01 21:57:01,553 - INFO - User id 1 | Jorge Martin logout
2024-06-01 21:57:09,213 - INFO - to login
2024-06-01 22:40:36,580 - INFO - Servidor running on port: 5000
2024-06-01 22:47:19,115 - INFO - Servidor running on port: 5000
2024-06-01 22:48:09,481 - INFO - Servidor running on port: 5000
2024-06-01 23:11:19,378 - INFO - Servidor running on port: 5000
2024-06-01 23:11:26,573 - INFO - to login
2024-06-01 23:11:33,877 - INFO - Home page session id Jorge Martin
2024-06-01 23:11:50,733 - INFO - User id 1 | Jorge Martin logout
2024-06-01 23:11:50,738 - INFO - to login
2024-06-01 23:32:39,597 - INFO - Servidor running on port: 5000
2024-06-01 23:32:48,976 - INFO - Home page session id Jorge Martin
2024-06-01 23:32:59,405 - INFO - User id 1 | Jorge Martin logout
2024-06-01 23:32:59,409 - INFO - to login
2024-06-01 23:34:17,496 - INFO - Servidor running on port: 5000
2024-06-01 23:35:24,876 - INFO - Servidor running on port: 5000
2024-06-01 23:35:37,365 - INFO - to login
2024-06-01 23:51:03,237 - INFO - Servidor running on port: 5000
2024-06-01 23:51:16,410 - INFO - to login
2024-06-01 23:51:25,201 - INFO - Home page session id Jorge Martin
2024-06-02 00:19:15,628 - INFO - Home page session id Jorge Martin
2024-06-02 00:19:23,041 - INFO - User id 1 | Jorge Martin logout
2024-06-02 00:19:23,045 - INFO - to login
2024-06-02 00:19:29,092 - INFO - Home page session id Jorge Martin
2024-06-02 00:19:47,134 - INFO - Home page session id Jorge Martin
2024-06-02 00:19:54,033 - INFO - Servidor running on port: 5000
2024-06-02 00:19:55,047 - INFO - User id 1 | Jorge Martin logout
2024-06-02 00:19:55,052 - INFO - to login
2024-06-02 00:19:59,898 - INFO - Home page session id Jorge Martin
2024-06-02 00:20:50,281 - INFO - Servidor running on port: 5000
2024-06-02 00:20:53,769 - INFO - Home page session id Jorge Martin
2024-06-02 00:20:56,476 - INFO - User id 1 | Jorge Martin logout
2024-06-02 00:20:56,481 - INFO - to login
2024-06-02 00:21:01,732 - INFO - Home page session id Jorge Martin
2024-06-02 00:23:21,831 - INFO - User id 1 | Jorge Martin logout
2024-06-02 00:23:21,836 - INFO - to login
2024-06-02 00:35:23,170 - INFO - Servidor running on port: 5000
2024-06-02 00:35:33,125 - INFO - Home page session id Jorge Martin
2024-06-02 00:36:45,765 - INFO - Servidor running on port: 5000
2024-06-02 00:36:47,948 - INFO - User id 1 | Jorge Martin logout
2024-06-02 00:36:47,954 - INFO - to login
2024-06-02 00:36:53,812 - INFO - Home page session id Jorge Martin
2024-06-02 00:37:57,783 - INFO - User id 1 | Jorge Martin logout
2024-06-02 00:37:57,789 - INFO - to login
2024-06-02 00:38:03,926 - INFO - Servidor running on port: 5000
2024-06-02 00:38:10,960 - INFO - Home page session id Jorge Martin
2024-06-02 00:41:06,122 - INFO - Servidor running on port: 5000
2024-06-02 00:41:07,608 - INFO - User id 1 | Jorge Martin logout
2024-06-02 00:41:07,614 - INFO - to login
2024-06-02 00:42:04,761 - INFO - Home page session id Jorge Martin
2024-06-02 00:42:17,339 - INFO - User id 1 | Jorge Martin logout
2024-06-02 00:42:17,343 - INFO - to login
2024-06-02 02:26:13,984 - INFO - Servidor running on port: 5000
2024-06-02 02:26:26,730 - INFO - Home page session id Jorge Martin
2024-06-02 02:26:49,644 - INFO - Home page session id Jorge Martin
2024-06-02 02:26:56,465 - INFO - Home page session id Jorge Martin
2024-06-02 02:27:01,529 - INFO - Home page session id Jorge Martin
2024-06-02 02:28:39,917 - INFO - Home page session id Jorge Martin
2024-06-02 02:28:53,141 - INFO - Servidor running on port: 5000
2024-06-02 02:28:58,585 - INFO - Home page session id Jorge Martin
2024-06-02 02:29:50,291 - INFO - Servidor running on port: 5000
2024-06-02 02:29:52,762 - INFO - Home page session id Jorge Martin
2024-06-02 02:30:22,760 - INFO - Home page session id Jorge Martin
2024-06-02 02:36:20,489 - INFO - Servidor running on port: 5000
2024-06-02 02:36:25,155 - INFO - Home page session id Jorge Martin
2024-06-02 02:36:40,329 - INFO - Home page session id Jorge Martin
2024-06-02 02:38:22,660 - INFO - Servidor running on port: 5000
2024-06-02 02:38:24,014 - INFO - Home page session id Jorge Martin
2024-06-02 02:38:38,299 - INFO - User id 1 | Jorge Martin logout
2024-06-02 02:38:38,304 - INFO - to login
2024-06-02 02:38:45,925 - INFO - Home page session id Jorge Martin
2024-06-02 02:41:54,972 - INFO - Home page session id Jorge Martin
2024-06-02 02:41:57,208 - INFO - User id 1 | Jorge Martin logout
2024-06-02 02:41:57,214 - INFO - to login
2024-06-02 02:42:03,143 - INFO - Home page session id Jorge Martin
2024-06-02 02:42:10,522 - INFO - Servidor running on port: 5000
2024-06-02 02:42:24,348 - INFO - Home page session id Jorge Martin
2024-06-02 02:44:06,968 - INFO - Servidor running on port: 5000
2024-06-02 02:45:14,032 - INFO - Servidor running on port: 5000
2024-06-02 02:45:15,567 - INFO - Home page session id Jorge Martin
2024-06-02 02:46:32,693 - INFO - Home page session id Jorge Martin
2024-06-02 02:46:49,206 - INFO - User id 1 | Jorge Martin logout
2024-06-02 02:46:49,210 - INFO - to login
2024-06-02 02:46:55,296 - INFO - Home page session id Jorge Martin
2024-06-02 02:48:59,001 - INFO - Home page session id Jorge Martin
2024-06-02 02:49:40,872 - INFO - Home page session id Jorge Martin
2024-06-02 02:50:06,109 - INFO - Servidor running on port: 5000
2024-06-02 02:50:17,695 - INFO - Home page session id Jorge Martin
2024-06-02 02:50:41,107 - INFO - Home page session id Jorge Martin
2024-06-02 02:50:46,588 - INFO - Home page session id Jorge Martin
2024-06-02 02:50:52,372 - INFO - Home page session id Jorge Martin
2024-06-02 02:51:02,784 - INFO - Home page session id Jorge Martin
2024-06-02 02:51:07,122 - INFO - Home page session id Jorge Martin
2024-06-02 02:51:31,199 - INFO - Servidor running on port: 5000
2024-06-02 02:51:32,774 - INFO - Servidor running on port: 5000
2024-06-02 02:51:44,095 - INFO - Home page session id Jorge Martin
2024-06-02 02:53:23,899 - INFO - Home page session id Jorge Martin
2024-06-02 02:53:47,043 - INFO - Home page session id Jorge Martin
2024-06-02 02:55:05,918 - INFO - Home page session id Jorge Martin
2024-06-02 02:55:50,003 - INFO - Home page session id Jorge Martin
2024-06-02 03:09:48,231 - INFO - Servidor running on port: 5000
2024-06-02 03:09:49,817 - INFO - Servidor running on port: 5000
2024-06-02 03:09:51,102 - INFO - Home page session id Jorge Martin
2024-06-02 03:10:24,959 - INFO - Servidor running on port: 5000
2024-06-02 03:10:26,499 - INFO - Servidor running on port: 5000
2024-06-02 03:10:26,546 - INFO - Home page session id Jorge Martin
2024-06-02 03:11:58,257 - INFO - Servidor running on port: 5000
2024-06-02 03:11:59,838 - INFO - Servidor running on port: 5000
2024-06-02 03:12:00,148 - INFO - Home page session id Jorge Martin
2024-06-02 03:16:14,025 - INFO - Servidor running on port: 5000
2024-06-02 03:19:00,727 - INFO - Servidor running on port: 5000
2024-06-02 03:19:04,404 - INFO - Servidor running on port: 5000
2024-06-02 03:19:05,976 - INFO - Servidor running on port: 5000
2024-06-02 03:19:07,261 - INFO - Home page session id Jorge Martin
2024-06-02 03:20:06,606 - INFO - Servidor running on port: 5000
2024-06-02 03:20:08,123 - INFO - Servidor running on port: 5000
2024-06-02 03:20:13,578 - INFO - Home page session id Jorge Martin
2024-06-02 03:21:48,254 - INFO - Servidor running on port: 5000
2024-06-02 03:21:49,848 - INFO - Servidor running on port: 5000
2024-06-02 03:21:57,628 - INFO - Home page session id Jorge Martin
2024-06-02 03:25:23,516 - INFO - Servidor running on port: 5000
2024-06-02 03:25:25,104 - INFO - Servidor running on port: 5000
2024-06-02 03:25:26,284 - INFO - Home page session id Jorge Martin
2024-06-02 03:26:18,847 - INFO - Servidor running on port: 5000
2024-06-02 03:26:21,863 - INFO - Servidor running on port: 5000
2024-06-02 03:26:23,463 - INFO - Servidor running on port: 5000
2024-06-02 03:26:23,511 - INFO - Home page session id Jorge Martin
2024-06-02 03:26:30,439 - INFO - Servidor running on port: 5000
2024-06-02 03:26:34,148 - INFO - Home page session id Jorge Martin
2024-06-02 03:26:50,532 - INFO - Servidor running on port: 5000
2024-06-02 03:26:51,381 - INFO - Home page session id Jorge Martin
2024-06-02 03:27:00,510 - INFO - Servidor running on port: 5000
2024-06-02 03:27:00,764 - INFO - Home page session id Jorge Martin
2024-06-02 03:27:11,450 - INFO - Servidor running on port: 5000
2024-06-02 03:27:51,734 - INFO - Home page session id Jorge Martin
2024-06-02 03:31:24,772 - INFO - Servidor running on port: 5000
2024-06-02 03:31:25,460 - INFO - Home page session id Jorge Martin
2024-06-02 03:31:29,936 - INFO - Home page session id Jorge Martin
2024-06-02 03:31:49,968 - INFO - Servidor running on port: 5000
2024-06-02 03:31:50,013 - INFO - Home page session id Jorge Martin
2024-06-02 03:31:53,899 - INFO - Home page session id Jorge Martin
2024-06-02 03:32:44,785 - INFO - Servidor running on port: 5000
2024-06-02 03:32:45,285 - INFO - Home page session id Jorge Martin
2024-06-02 03:32:53,796 - INFO - Servidor running on port: 5000
2024-06-02 03:32:53,842 - INFO - Home page session id Jorge Martin
2024-06-02 03:33:03,690 - INFO - Servidor running on port: 5000
2024-06-02 03:33:19,756 - INFO - Servidor running on port: 5000
2024-06-02 03:35:16,667 - INFO - Servidor running on port: 5000
2024-06-02 03:35:18,988 - INFO - Servidor running on port: 5000
2024-06-02 03:35:20,521 - INFO - Servidor running on port: 5000
2024-06-02 03:35:24,283 - INFO - Home page session id Jorge Martin
2024-06-02 03:36:43,000 - INFO - Home page session id Jorge Martin
2024-06-02 03:36:52,948 - INFO - Servidor running on port: 5000
2024-06-02 03:37:36,419 - INFO - Servidor running on port: 5000
2024-06-02 04:16:38,474 - INFO - Servidor running on port: 5000
2024-06-02 04:16:46,286 - INFO - Servidor running on port: 5000
2024-06-02 04:16:47,934 - INFO - Servidor running on port: 5000
2024-06-02 04:16:52,300 - INFO - Home page session id Jorge Martin
2024-06-02 04:17:50,843 - INFO - Servidor running on port: 5000
2024-06-02 04:26:46,044 - INFO - Servidor running on port: 5000
2024-06-02 04:26:54,827 - INFO - Servidor running on port: 5000
2024-06-02 04:26:56,393 - INFO - Servidor running on port: 5000
2024-06-02 04:26:58,607 - INFO - Home page session id Jorge Martin
2024-06-02 04:30:18,847 - INFO - Servidor running on port: 5000
2024-06-02 04:30:20,421 - INFO - Servidor running on port: 5000
2024-06-02 04:30:20,985 - INFO - Home page session id Jorge Martin
2024-06-02 04:30:56,411 - INFO - Servidor running on port: 5000
2024-06-02 04:30:58,035 - INFO - Servidor running on port: 5000
2024-06-02 04:30:59,623 - INFO - Home page session id Jorge Martin
2024-06-02 04:32:42,656 - INFO - Servidor running on port: 5000
2024-06-02 04:32:45,892 - INFO - Home page session id Jorge Martin
2024-06-02 04:32:54,918 - INFO - Servidor running on port: 5000
2024-06-02 04:32:56,586 - INFO - Servidor running on port: 5000
2024-06-02 04:32:56,634 - INFO - Home page session id Jorge Martin
2024-06-02 04:33:01,681 - INFO - Home page session id Jorge Martin
2024-06-02 04:33:12,069 - INFO - Home page session id Jorge Martin
2024-06-02 04:33:18,850 - INFO - Home page session id Jorge Martin
2024-06-02 05:17:11,725 - INFO - Servidor running on port: 5000
2024-06-02 05:17:13,347 - INFO - Servidor running on port: 5000
2024-06-02 05:17:33,394 - INFO - Servidor running on port: 5000
2024-06-02 05:17:34,966 - INFO - Servidor running on port: 5000
2024-06-02 05:17:38,720 - INFO - Home page session id Jorge Martin
2024-06-02 05:17:45,218 - INFO - Home page session id Jorge Martin
2024-06-02 05:29:49,407 - INFO - Servidor running on port: 5000
2024-06-02 05:29:50,962 - INFO - Servidor running on port: 5000
2024-06-02 05:29:55,147 - INFO - Home page session id Jorge Martin
2024-06-02 05:30:05,872 - INFO - User id 1 | Jorge Martin logout
2024-06-02 05:30:05,978 - INFO - to login
2024-06-02 05:30:12,067 - INFO - Home page session id Jorge Martin
2024-06-02 05:37:02,749 - INFO - Servidor running on port: 5000
2024-06-02 05:37:04,409 - INFO - Servidor running on port: 5000
2024-06-02 05:37:05,382 - INFO - User id 1 | Jorge Martin logout
2024-06-02 05:37:05,453 - INFO - to login
2024-06-02 05:37:11,129 - INFO - Home page session id Jorge Martin
2024-06-02 05:53:06,100 - INFO - Servidor running on port: 5000
2024-06-02 05:53:12,296 - INFO - Home page session id Jorge Martin
2024-06-02 05:53:56,731 - INFO - Servidor running on port: 5000
2024-06-02 05:54:27,975 - INFO - Servidor running on port: 5000
